Assembler report for Phascan
Thu Jan 19 15:58:42 2017
Quartus Prime Version 16.1.0 Build 196 10/24/2016 SJ Standard Edition


---------------------
; Table of Contents ;
---------------------
  1. Legal Notice
  2. Assembler Summary
  3. Assembler Settings
  4. Assembler Encrypted IP Cores Summary
  5. Assembler Generated Files
  6. Assembler Device Options: D:/Phascan_2017_1_18_restored/DEV/output_files/Phascan.sof
  7. Assembler Device Options: D:/Phascan_2017_1_18_restored/DEV/output_files/Phascan.pof
  8. Assembler Device Options: D:/Phascan_2017_1_18_restored/DEV/output_files/Phascan.rbf
  9. Assembler Messages



----------------
; Legal Notice ;
----------------
Copyright (C) 2016  Intel Corporation. All rights reserved.
Your use of Intel Corporation's design tools, logic functions 
and other software and tools, and its AMPP partner logic 
functions, and any output files from any of the foregoing 
(including device programming or simulation files), and any 
associated documentation or information are expressly subject 
to the terms and conditions of the Intel Program License 
Subscription Agreement, the Intel Quartus Prime License Agreement,
the Intel MegaCore Function License Agreement, or other 
applicable license agreement, including, without limitation, 
that your use is for the sole purpose of programming logic 
devices manufactured by Intel and sold by Intel or its 
authorized distributors.  Please refer to the applicable 
agreement for further details.



+---------------------------------------------------------------+
; Assembler Summary                                             ;
+-----------------------+---------------------------------------+
; Assembler Status      ; Successful - Thu Jan 19 15:58:42 2017 ;
; Revision Name         ; Phascan                               ;
; Top-level Entity Name ; top                                   ;
; Family                ; Arria V                               ;
; Device                ; 5AGXMA5G4F31I5                        ;
+-----------------------+---------------------------------------+


+----------------------------------+
; Assembler Settings               ;
+--------+---------+---------------+
; Option ; Setting ; Default Value ;
+--------+---------+---------------+


+------------------------------------------------+
; Assembler Encrypted IP Cores Summary           ;
+--------+------------------------+--------------+
; Vendor ; IP Core Name           ; License Type ;
+--------+------------------------+--------------+
; Altera ; Signal Tap (6AF7 BCE1) ; Licensed     ;
; Altera ; Signal Tap (6AF7 BCEC) ; Licensed     ;
+--------+------------------------+--------------+


+------------------------------------------------------------+
; Assembler Generated Files                                  ;
+------------------------------------------------------------+
; File Name                                                  ;
+------------------------------------------------------------+
; D:/Phascan_2017_1_18_restored/DEV/output_files/Phascan.sof ;
; D:/Phascan_2017_1_18_restored/DEV/output_files/Phascan.pof ;
; D:/Phascan_2017_1_18_restored/DEV/output_files/Phascan.rbf ;
+------------------------------------------------------------+


+--------------------------------------------------------------------------------------+
; Assembler Device Options: D:/Phascan_2017_1_18_restored/DEV/output_files/Phascan.sof ;
+----------------+---------------------------------------------------------------------+
; Option         ; Setting                                                             ;
+----------------+---------------------------------------------------------------------+
; Device         ; 5AGXMA5G4F31I5                                                      ;
; JTAG usercode  ; 0x125C3F7D                                                          ;
; Checksum       ; 0x125C3F7D                                                          ;
+----------------+---------------------------------------------------------------------+


+--------------------------------------------------------------------------------------+
; Assembler Device Options: D:/Phascan_2017_1_18_restored/DEV/output_files/Phascan.pof ;
+--------------------+-----------------------------------------------------------------+
; Option             ; Setting                                                         ;
+--------------------+-----------------------------------------------------------------+
; Device             ; EPCS128                                                         ;
; JTAG usercode      ; 0x00000000                                                      ;
; Checksum           ; 0xBCE4DCC1                                                      ;
; Compression Ratio  ; 1                                                               ;
+--------------------+-----------------------------------------------------------------+


+--------------------------------------------------------------------------------------+
; Assembler Device Options: D:/Phascan_2017_1_18_restored/DEV/output_files/Phascan.rbf ;
+---------------------+----------------------------------------------------------------+
; Option              ; Setting                                                        ;
+---------------------+----------------------------------------------------------------+
; Raw Binary File     ;                                                                ;
;  Compression Ratio  ; 1                                                              ;
+---------------------+----------------------------------------------------------------+


+--------------------+
; Assembler Messages ;
+--------------------+
Info: *******************************************************************
Info: Running Quartus Prime Assembler
    Info: Version 16.1.0 Build 196 10/24/2016 SJ Standard Edition
    Info: Processing started: Thu Jan 19 15:58:05 2017
Info: Command: quartus_asm --read_settings_files=off --write_settings_files=off Phascan -c Phascan
Info (115030): Assembler is generating device programming files
Info: Quartus Prime Assembler was successful. 0 errors, 0 warnings
    Info: Peak virtual memory: 1510 megabytes
    Info: Processing ended: Thu Jan 19 15:58:43 2017
    Info: Elapsed time: 00:00:38
    Info: Total CPU time (on all processors): 00:00:37


