Flow report for Phascan
Thu Jan 19 15:59:26 2017
Quartus Prime Version 16.1.0 Build 196 10/24/2016 SJ Standard Edition


---------------------
; Table of Contents ;
---------------------
  1. Legal Notice
  2. Flow Summary
  3. Flow Settings
  4. Flow Non-Default Global Settings
  5. Flow Elapsed Time
  6. Flow OS Summary
  7. Flow Log
  8. Flow Messages
  9. Flow Suppressed Messages



----------------
; Legal Notice ;
----------------
Copyright (C) 2016  Intel Corporation. All rights reserved.
Your use of Intel Corporation's design tools, logic functions 
and other software and tools, and its AMPP partner logic 
functions, and any output files from any of the foregoing 
(including device programming or simulation files), and any 
associated documentation or information are expressly subject 
to the terms and conditions of the Intel Program License 
Subscription Agreement, the Intel Quartus Prime License Agreement,
the Intel MegaCore Function License Agreement, or other 
applicable license agreement, including, without limitation, 
that your use is for the sole purpose of programming logic 
devices manufactured by Intel and sold by Intel or its 
authorized distributors.  Please refer to the applicable 
agreement for further details.



+-----------------------------------------------------------------------------------+
; Flow Summary                                                                      ;
+---------------------------------+-------------------------------------------------+
; Flow Status                     ; Successful - Thu Jan 19 15:59:26 2017           ;
; Quartus Prime Version           ; 16.1.0 Build 196 10/24/2016 SJ Standard Edition ;
; Revision Name                   ; Phascan                                         ;
; Top-level Entity Name           ; top                                             ;
; Family                          ; Arria V                                         ;
; Device                          ; 5AGXMA5G4F31I5                                  ;
; Timing Models                   ; Final                                           ;
; Logic utilization (in ALMs)     ; 25,535 / 71,700 ( 36 % )                        ;
; Total registers                 ; 21610                                           ;
; Total pins                      ; 211 / 468 ( 45 % )                              ;
; Total virtual pins              ; 0                                               ;
; Total block memory bits         ; 6,003,849 / 12,083,200 ( 50 % )                 ;
; Total DSP Blocks                ; 192 / 600 ( 32 % )                              ;
; Total HSSI RX PCSs              ; 0 / 18 ( 0 % )                                  ;
; Total HSSI PMA RX Deserializers ; 0 / 18 ( 0 % )                                  ;
; Total HSSI TX PCSs              ; 0 / 18 ( 0 % )                                  ;
; Total HSSI PMA TX Serializers   ; 0 / 18 ( 0 % )                                  ;
; Total PLLs                      ; 2 / 30 ( 7 % )                                  ;
; Total DLLs                      ; 0 / 4 ( 0 % )                                   ;
+---------------------------------+-------------------------------------------------+


+-----------------------------------------+
; Flow Settings                           ;
+-------------------+---------------------+
; Option            ; Setting             ;
+-------------------+---------------------+
; Start date & time ; 01/18/2017 15:13:48 ;
; Main task         ; Compilation         ;
; Revision Name     ; Phascan             ;
+-------------------+---------------------+


+--------------------------------------------------------------------+
; Flow Non-Default Global Settings                                   ;
+-----------------+-------+---------------+-------------+------------+
; Assignment Name ; Value ; Default Value ; Entity Name ; Section Id ;
+-----------------+-------+---------------+-------------+------------+


+-------------------------------------------------------------------------------------------------------------------------------+
; Flow Elapsed Time                                                                                                             ;
+---------------------------+--------------+-------------------------+---------------------+------------------------------------+
; Module Name               ; Elapsed Time ; Average Processors Used ; Peak Virtual Memory ; Total CPU Time (on all processors) ;
+---------------------------+--------------+-------------------------+---------------------+------------------------------------+
; Analysis & Synthesis      ; 00:01:29     ; 1.5                     ; 2698 MB             ; 00:02:11                           ;
; Partition Merge           ; 00:00:12     ; 1.0                     ; 1052 MB             ; 00:00:12                           ;
; Fitter                    ; 00:11:42     ; 1.7                     ; 4971 MB             ; 00:32:18                           ;
; Assembler                 ; 00:00:36     ; 1.0                     ; 1495 MB             ; 00:00:36                           ;
; TimeQuest Timing Analyzer ; 00:00:18     ; 1.3                     ; 2063 MB             ; 00:00:21                           ;
; EDA Netlist Writer        ; 00:00:17     ; 1.0                     ; 1656 MB             ; 00:00:17                           ;
; Analysis & Synthesis      ; 00:01:36     ; 1.5                     ; 3286 MB             ; 00:02:18                           ;
; Partition Merge           ; 00:00:18     ; 1.0                     ; 1629 MB             ; 00:00:19                           ;
; Fitter                    ; 00:12:57     ; 1.6                     ; 5427 MB             ; 00:35:55                           ;
; Assembler                 ; 00:00:38     ; 1.0                     ; 1535 MB             ; 00:00:37                           ;
; TimeQuest Timing Analyzer ; 00:00:19     ; 1.3                     ; 2128 MB             ; 00:00:22                           ;
; EDA Netlist Writer        ; 00:00:18     ; 1.0                     ; 1687 MB             ; 00:00:18                           ;
; Analysis & Synthesis      ; 00:01:37     ; 1.5                     ; 3301 MB             ; 00:02:19                           ;
; Partition Merge           ; 00:00:18     ; 1.0                     ; 1637 MB             ; 00:00:19                           ;
; Fitter                    ; 00:12:16     ; 1.7                     ; 5443 MB             ; 00:32:59                           ;
; Assembler                 ; 00:00:38     ; 1.0                     ; 1531 MB             ; 00:00:37                           ;
; TimeQuest Timing Analyzer ; 00:00:19     ; 1.3                     ; 2124 MB             ; 00:00:22                           ;
; EDA Netlist Writer        ; 00:00:18     ; 1.0                     ; 1690 MB             ; 00:00:18                           ;
; Analysis & Synthesis      ; 00:01:30     ; 1.5                     ; 3279 MB             ; 00:02:11                           ;
; Partition Merge           ; 00:00:19     ; 1.0                     ; 1642 MB             ; 00:00:19                           ;
; Fitter                    ; 00:12:35     ; 1.7                     ; 5422 MB             ; 00:34:01                           ;
; Assembler                 ; 00:00:38     ; 1.0                     ; 1528 MB             ; 00:00:37                           ;
; TimeQuest Timing Analyzer ; 00:00:19     ; 1.3                     ; 2126 MB             ; 00:00:22                           ;
; EDA Netlist Writer        ; 00:00:18     ; 1.0                     ; 1694 MB             ; 00:00:18                           ;
; Analysis & Synthesis      ; 00:01:30     ; 1.5                     ; 3278 MB             ; 00:02:12                           ;
; Partition Merge           ; 00:00:19     ; 1.0                     ; 1634 MB             ; 00:00:19                           ;
; Fitter                    ; 00:12:28     ; 1.7                     ; 5450 MB             ; 00:33:39                           ;
; Assembler                 ; 00:00:37     ; 1.0                     ; 1532 MB             ; 00:00:37                           ;
; TimeQuest Timing Analyzer ; 00:00:19     ; 1.3                     ; 2125 MB             ; 00:00:22                           ;
; EDA Netlist Writer        ; 00:00:18     ; 1.0                     ; 1696 MB             ; 00:00:18                           ;
; Analysis & Synthesis      ; 00:01:32     ; 1.5                     ; 3279 MB             ; 00:02:13                           ;
; Analysis & Synthesis      ; 00:01:38     ; 1.5                     ; 3047 MB             ; 00:02:20                           ;
; Partition Merge           ; 00:00:19     ; 1.0                     ; 1629 MB             ; 00:00:19                           ;
; Fitter                    ; 00:12:13     ; 1.7                     ; 5427 MB             ; 00:33:07                           ;
; Assembler                 ; 00:00:37     ; 1.0                     ; 1533 MB             ; 00:00:37                           ;
; TimeQuest Timing Analyzer ; 00:00:19     ; 1.3                     ; 2128 MB             ; 00:00:22                           ;
; EDA Netlist Writer        ; 00:00:18     ; 1.0                     ; 1696 MB             ; 00:00:18                           ;
; Analysis & Synthesis      ; 00:00:12     ; 1.0                     ; 1289 MB             ; 00:00:23                           ;
; Analysis & Synthesis      ; 00:01:31     ; 1.5                     ; 3014 MB             ; 00:02:14                           ;
; Partition Merge           ; 00:00:19     ; 1.0                     ; 1644 MB             ; 00:00:19                           ;
; Fitter                    ; 00:12:33     ; 1.7                     ; 5465 MB             ; 00:34:27                           ;
; Assembler                 ; 00:00:37     ; 1.0                     ; 1532 MB             ; 00:00:37                           ;
; TimeQuest Timing Analyzer ; 00:00:19     ; 1.3                     ; 2133 MB             ; 00:00:22                           ;
; EDA Netlist Writer        ; 00:00:18     ; 1.0                     ; 1693 MB             ; 00:00:18                           ;
; Analysis & Synthesis      ; 00:00:14     ; 1.0                     ; 1287 MB             ; 00:00:29                           ;
; Analysis & Synthesis      ; 00:01:30     ; 1.5                     ; 3000 MB             ; 00:02:13                           ;
; Partition Merge           ; 00:00:18     ; 1.0                     ; 1627 MB             ; 00:00:18                           ;
; Analysis & Synthesis      ; 00:01:33     ; 1.5                     ; 3245 MB             ; 00:02:18                           ;
; Partition Merge           ; 00:00:18     ; 1.0                     ; 1629 MB             ; 00:00:18                           ;
; Fitter                    ; 00:12:22     ; 1.6                     ; 5378 MB             ; 00:33:30                           ;
; Assembler                 ; 00:00:36     ; 1.0                     ; 1510 MB             ; 00:00:36                           ;
; TimeQuest Timing Analyzer ; 00:00:19     ; 1.3                     ; 2091 MB             ; 00:00:22                           ;
; EDA Netlist Writer        ; 00:00:18     ; 1.0                     ; 1660 MB             ; 00:00:18                           ;
; Analysis & Synthesis      ; 00:01:33     ; 1.5                     ; 3268 MB             ; 00:02:15                           ;
; Partition Merge           ; 00:00:18     ; 1.0                     ; 1622 MB             ; 00:00:18                           ;
; Fitter                    ; 00:12:42     ; 1.6                     ; 5406 MB             ; 00:34:38                           ;
; Assembler                 ; 00:00:37     ; 1.0                     ; 1510 MB             ; 00:00:36                           ;
; TimeQuest Timing Analyzer ; 00:00:19     ; 1.3                     ; 2088 MB             ; 00:00:21                           ;
; EDA Netlist Writer        ; 00:00:18     ; 1.0                     ; 1665 MB             ; 00:00:18                           ;
; Total                     ; 02:23:16     ; --                      ; --                  ; 05:44:37                           ;
+---------------------------+--------------+-------------------------+---------------------+------------------------------------+


+----------------------------------------------------------------------------------------+
; Flow OS Summary                                                                        ;
+---------------------------+------------------+-----------+------------+----------------+
; Module Name               ; Machine Hostname ; OS Name   ; OS Version ; Processor type ;
+---------------------------+------------------+-----------+------------+----------------+
; Analysis & Synthesis      ; 95-PC            ; Windows 7 ; 6.1        ; x86_64         ;
; Partition Merge           ; 95-PC            ; Windows 7 ; 6.1        ; x86_64         ;
; Fitter                    ; 95-PC            ; Windows 7 ; 6.1        ; x86_64         ;
; Assembler                 ; 95-PC            ; Windows 7 ; 6.1        ; x86_64         ;
; TimeQuest Timing Analyzer ; 95-PC            ; Windows 7 ; 6.1        ; x86_64         ;
; EDA Netlist Writer        ; 95-PC            ; Windows 7 ; 6.1        ; x86_64         ;
; Analysis & Synthesis      ; 95-PC            ; Windows 7 ; 6.1        ; x86_64         ;
; Partition Merge           ; 95-PC            ; Windows 7 ; 6.1        ; x86_64         ;
; Fitter                    ; 95-PC            ; Windows 7 ; 6.1        ; x86_64         ;
; Assembler                 ; 95-PC            ; Windows 7 ; 6.1        ; x86_64         ;
; TimeQuest Timing Analyzer ; 95-PC            ; Windows 7 ; 6.1        ; x86_64         ;
; EDA Netlist Writer        ; 95-PC            ; Windows 7 ; 6.1        ; x86_64         ;
; Analysis & Synthesis      ; 95-PC            ; Windows 7 ; 6.1        ; x86_64         ;
; Partition Merge           ; 95-PC            ; Windows 7 ; 6.1        ; x86_64         ;
; Fitter                    ; 95-PC            ; Windows 7 ; 6.1        ; x86_64         ;
; Assembler                 ; 95-PC            ; Windows 7 ; 6.1        ; x86_64         ;
; TimeQuest Timing Analyzer ; 95-PC            ; Windows 7 ; 6.1        ; x86_64         ;
; EDA Netlist Writer        ; 95-PC            ; Windows 7 ; 6.1        ; x86_64         ;
; Analysis & Synthesis      ; 95-PC            ; Windows 7 ; 6.1        ; x86_64         ;
; Partition Merge           ; 95-PC            ; Windows 7 ; 6.1        ; x86_64         ;
; Fitter                    ; 95-PC            ; Windows 7 ; 6.1        ; x86_64         ;
; Assembler                 ; 95-PC            ; Windows 7 ; 6.1        ; x86_64         ;
; TimeQuest Timing Analyzer ; 95-PC            ; Windows 7 ; 6.1        ; x86_64         ;
; EDA Netlist Writer        ; 95-PC            ; Windows 7 ; 6.1        ; x86_64         ;
; Analysis & Synthesis      ; 95-PC            ; Windows 7 ; 6.1        ; x86_64         ;
; Partition Merge           ; 95-PC            ; Windows 7 ; 6.1        ; x86_64         ;
; Fitter                    ; 95-PC            ; Windows 7 ; 6.1        ; x86_64         ;
; Assembler                 ; 95-PC            ; Windows 7 ; 6.1        ; x86_64         ;
; TimeQuest Timing Analyzer ; 95-PC            ; Windows 7 ; 6.1        ; x86_64         ;
; EDA Netlist Writer        ; 95-PC            ; Windows 7 ; 6.1        ; x86_64         ;
; Analysis & Synthesis      ; 95-PC            ; Windows 7 ; 6.1        ; x86_64         ;
; Analysis & Synthesis      ; 95-PC            ; Windows 7 ; 6.1        ; x86_64         ;
; Partition Merge           ; 95-PC            ; Windows 7 ; 6.1        ; x86_64         ;
; Fitter                    ; 95-PC            ; Windows 7 ; 6.1        ; x86_64         ;
; Assembler                 ; 95-PC            ; Windows 7 ; 6.1        ; x86_64         ;
; TimeQuest Timing Analyzer ; 95-PC            ; Windows 7 ; 6.1        ; x86_64         ;
; EDA Netlist Writer        ; 95-PC            ; Windows 7 ; 6.1        ; x86_64         ;
; Analysis & Synthesis      ; 95-PC            ; Windows 7 ; 6.1        ; x86_64         ;
; Analysis & Synthesis      ; 95-PC            ; Windows 7 ; 6.1        ; x86_64         ;
; Partition Merge           ; 95-PC            ; Windows 7 ; 6.1        ; x86_64         ;
; Fitter                    ; 95-PC            ; Windows 7 ; 6.1        ; x86_64         ;
; Assembler                 ; 95-PC            ; Windows 7 ; 6.1        ; x86_64         ;
; TimeQuest Timing Analyzer ; 95-PC            ; Windows 7 ; 6.1        ; x86_64         ;
; EDA Netlist Writer        ; 95-PC            ; Windows 7 ; 6.1        ; x86_64         ;
; Analysis & Synthesis      ; 95-PC            ; Windows 7 ; 6.1        ; x86_64         ;
; Analysis & Synthesis      ; 95-PC            ; Windows 7 ; 6.1        ; x86_64         ;
; Partition Merge           ; 95-PC            ; Windows 7 ; 6.1        ; x86_64         ;
; Analysis & Synthesis      ; 95-PC            ; Windows 7 ; 6.1        ; x86_64         ;
; Partition Merge           ; 95-PC            ; Windows 7 ; 6.1        ; x86_64         ;
; Fitter                    ; 95-PC            ; Windows 7 ; 6.1        ; x86_64         ;
; Assembler                 ; 95-PC            ; Windows 7 ; 6.1        ; x86_64         ;
; TimeQuest Timing Analyzer ; 95-PC            ; Windows 7 ; 6.1        ; x86_64         ;
; EDA Netlist Writer        ; 95-PC            ; Windows 7 ; 6.1        ; x86_64         ;
; Analysis & Synthesis      ; 95-PC            ; Windows 7 ; 6.1        ; x86_64         ;
; Partition Merge           ; 95-PC            ; Windows 7 ; 6.1        ; x86_64         ;
; Fitter                    ; 95-PC            ; Windows 7 ; 6.1        ; x86_64         ;
; Assembler                 ; 95-PC            ; Windows 7 ; 6.1        ; x86_64         ;
; TimeQuest Timing Analyzer ; 95-PC            ; Windows 7 ; 6.1        ; x86_64         ;
; EDA Netlist Writer        ; 95-PC            ; Windows 7 ; 6.1        ; x86_64         ;
+---------------------------+------------------+-----------+------------+----------------+


------------
; Flow Log ;
------------
quartus_sh --restore -output D:/Phascan_2017_1_18_restored/ -no_overwrite D:/Phascan_2017_1_18.qar
quartus_map --read_settings_files=on --write_settings_files=off Phascan -c Phascan
quartus_cdb --read_settings_files=off --write_settings_files=off Phascan -c Phascan --merge=on
quartus_fit --read_settings_files=off --write_settings_files=off Phascan -c Phascan
quartus_asm --read_settings_files=off --write_settings_files=off Phascan -c Phascan
quartus_sta Phascan -c Phascan
quartus_eda --read_settings_files=off --write_settings_files=off Phascan -c Phascan
quartus_map --read_settings_files=on --write_settings_files=off Phascan -c Phascan
quartus_cdb --read_settings_files=off --write_settings_files=off Phascan -c Phascan --merge=on
quartus_fit --read_settings_files=off --write_settings_files=off Phascan -c Phascan
quartus_asm --read_settings_files=off --write_settings_files=off Phascan -c Phascan
quartus_sta Phascan -c Phascan
quartus_eda --read_settings_files=off --write_settings_files=off Phascan -c Phascan
quartus_map --read_settings_files=on --write_settings_files=off Phascan -c Phascan
quartus_cdb --read_settings_files=off --write_settings_files=off Phascan -c Phascan --merge=on
quartus_fit --read_settings_files=off --write_settings_files=off Phascan -c Phascan
quartus_asm --read_settings_files=off --write_settings_files=off Phascan -c Phascan
quartus_sta Phascan -c Phascan
quartus_eda --read_settings_files=off --write_settings_files=off Phascan -c Phascan
quartus_map --read_settings_files=on --write_settings_files=off Phascan -c Phascan
quartus_cdb --read_settings_files=off --write_settings_files=off Phascan -c Phascan --merge=on
quartus_fit --read_settings_files=off --write_settings_files=off Phascan -c Phascan
quartus_asm --read_settings_files=off --write_settings_files=off Phascan -c Phascan
quartus_sta Phascan -c Phascan
quartus_eda --read_settings_files=off --write_settings_files=off Phascan -c Phascan
quartus_map --read_settings_files=on --write_settings_files=off Phascan -c Phascan
quartus_cdb --read_settings_files=off --write_settings_files=off Phascan -c Phascan --merge=on
quartus_fit --read_settings_files=off --write_settings_files=off Phascan -c Phascan
quartus_asm --read_settings_files=off --write_settings_files=off Phascan -c Phascan
quartus_sta Phascan -c Phascan
quartus_eda --read_settings_files=off --write_settings_files=off Phascan -c Phascan
quartus_map --read_settings_files=on --write_settings_files=off Phascan -c Phascan
quartus_map --read_settings_files=on --write_settings_files=off Phascan -c Phascan
quartus_cdb --read_settings_files=off --write_settings_files=off Phascan -c Phascan --merge=on
quartus_fit --read_settings_files=off --write_settings_files=off Phascan -c Phascan
quartus_asm --read_settings_files=off --write_settings_files=off Phascan -c Phascan
quartus_sta Phascan -c Phascan
quartus_eda --read_settings_files=off --write_settings_files=off Phascan -c Phascan
quartus_map --read_settings_files=on --write_settings_files=off Phascan -c Phascan
quartus_map --read_settings_files=on --write_settings_files=off Phascan -c Phascan
quartus_cdb --read_settings_files=off --write_settings_files=off Phascan -c Phascan --merge=on
quartus_fit --read_settings_files=off --write_settings_files=off Phascan -c Phascan
quartus_asm --read_settings_files=off --write_settings_files=off Phascan -c Phascan
quartus_sta Phascan -c Phascan
quartus_eda --read_settings_files=off --write_settings_files=off Phascan -c Phascan
quartus_sh --archive -revision Phascan -output D:/Phascan_2017_1_18_restored/DEV/Phascan_2017_1_18.qar Phascan
quartus_sh --archive -revision Phascan -output D:/Phascan_2017_1_18_restored/DEV/Phascan_2017_1_19.qar Phascan
quartus_sh --archive -revision Phascan -output D:/Phascan_2017_1_18_restored/DEV/Phascan_2017_1_19_1.qar Phascan
quartus_sh --archive -revision Phascan -output D:/Phascan_2017_1_18_restored/DEV/Phascan_2017_1_20.qar Phascan
quartus_map --read_settings_files=on --write_settings_files=off Phascan -c Phascan
quartus_map --read_settings_files=on --write_settings_files=off Phascan -c Phascan
quartus_cdb --read_settings_files=off --write_settings_files=off Phascan -c Phascan --merge=on
quartus_map --read_settings_files=on --write_settings_files=off Phascan -c Phascan
quartus_cdb --read_settings_files=off --write_settings_files=off Phascan -c Phascan --merge=on
quartus_fit --read_settings_files=off --write_settings_files=off Phascan -c Phascan
quartus_asm --read_settings_files=off --write_settings_files=off Phascan -c Phascan
quartus_sta Phascan -c Phascan
quartus_eda --read_settings_files=off --write_settings_files=off Phascan -c Phascan
quartus_map --read_settings_files=on --write_settings_files=off Phascan -c Phascan
quartus_cdb --read_settings_files=off --write_settings_files=off Phascan -c Phascan --merge=on
quartus_fit --read_settings_files=off --write_settings_files=off Phascan -c Phascan
quartus_asm --read_settings_files=off --write_settings_files=off Phascan -c Phascan
quartus_sta Phascan -c Phascan
quartus_eda --read_settings_files=off --write_settings_files=off Phascan -c Phascan



